Building DAG of jobs...
Using shell: /bin/bash
Provided cores: 1
Rules claiming more threads will be scaled down.
Job counts:
	count	jobs
	1	align_reads
	1	all
	2

[Fri Dec 28 06:54:21 2018]
rule align_reads:
    input: results/genomes/humanplusflu_and_mouse, data/fastqs/A549_CA09_S1_L002_R1_001.fastq.gz, data/fastqs/A549_CA09_S1_L002_R2_001.fastq.gz, data/fastqs/A549_CA09_S1_L002_I1_001.fastq.gz
    output: results/aligned/A549_CA09
    jobid: 1

[Fri Dec 28 06:55:26 2018]
Finished job 1.
1 of 2 steps (50%) done

[Fri Dec 28 06:55:26 2018]
localrule all:
    input: results/aligned/A549_CA09
    jobid: 0

[Fri Dec 28 06:55:26 2018]
Finished job 0.
2 of 2 steps (100%) done
Complete log: /fh/fast/bloom_j/computational_notebooks/dbacsik/2018/pdmH1N1_flu_single_cell/.snakemake/log/2018-12-28T065420.229892.snakemake.log
