Building DAG of jobs...
Using shell: /bin/bash
Provided cores: 1
Rules claiming more threads will be scaled down.
Job counts:
	count	jobs
	1	add_feature_header
	1	all
	2

[Thu Jan 10 11:55:40 2019]
rule add_feature_header:
    input: results/cellfeature_matrices/CA09_infected_A549/features.tsv.gz
    output: results/cellfeature_matrices/CA09_infected_A549/features_w_header.tsv.gz
    jobid: 3
    wildcards: sample=CA09_infected_A549

[Thu Jan 10 11:55:43 2019]
Finished job 3.
1 of 2 steps (50%) done

[Thu Jan 10 11:55:43 2019]
localrule all:
    input: results/summary/summary.md, results/cellfeature_matrices/CA09_infected_A549/features.tsv.gz, results/cellfeature_matrices/CA09_infected_A549/barcodes.tsv.gz, results/cellfeature_matrices/CA09_infected_A549/matrix.mtx.gz, results/cellfeature_matrices/CA09_infected_A549/gem_classification.csv, results/cellfeature_matrices/CA09_infected_A549/viral_tag_counts.csv, results/cellfeature_matrices/CA09_infected_A549/features_w_header.tsv.gz
    jobid: 0

[Thu Jan 10 11:55:43 2019]
Finished job 0.
2 of 2 steps (100%) done
Complete log: /fh/fast/bloom_j/computational_notebooks/dbacsik/2018/pdmH1N1_flu_single_cell/.snakemake/log/2019-01-10T115535.511351.snakemake.log
