Building DAG of jobs...
Using shell: /bin/bash
Provided cluster nodes: 999
Job counts:
	count	jobs
	1	all
	1	cellranger_count
	1	copy_feature_counts
	1	make_refgenome
	1	viral_tags_and_barcodes
	5

[Fri Jan  4 11:59:09 2019]
rule make_refgenome:
    input: results/genomes/humanplusflu.gtf, results/genomes/mouse.gtf, results/genomes/mouse.fasta, results/genomes/humanplusflu.fasta
    output: results/genomes/humanplusflu_and_mouse
    jobid: 4
    threads: 14

Submitted job 4 with external jobid 'Submitted batch job 31324381'.
[Fri Jan  4 12:22:11 2019]
Finished job 4.
1 of 5 steps (20%) done

[Fri Jan  4 12:22:11 2019]
rule cellranger_count:
    input: /shared/ngs/illumina/bloom_lab/181212_D00300_0657_AHNTW3BCX2_lane2/Fastq/Chromium_20181212/CA09_infected_A549_S1_L002_R1_001.fastq.gz, /shared/ngs/illumina/bloom_lab/181212_D00300_0657_AHNTW3BCX2_lane2/Fastq/Chromium_20181212/CA09_infected_A549_S1_L002_R2_001.fastq.gz, /shared/ngs/illumina/bloom_lab/181212_D00300_0657_AHNTW3BCX2_lane2/Fastq/Chromium_20181212/CA09_infected_A549_S1_L002_I1_001.fastq.gz, results/genomes/humanplusflu_and_mouse
    output: results/cellranger_count/CA09_infected_A549/outs/filtered_feature_bc_matrix/barcodes.tsv.gz, results/cellranger_count/CA09_infected_A549/outs/filtered_feature_bc_matrix/features.tsv.gz, results/cellranger_count/CA09_infected_A549/outs/filtered_feature_bc_matrix/matrix.mtx.gz, results/cellranger_count/CA09_infected_A549/outs/analysis/gem_classification.csv, results/cellranger_count/CA09_infected_A549/outs/possorted_genome_bam.bam
    jobid: 2
    wildcards: sample=CA09_infected_A549
    threads: 28

Submitted job 2 with external jobid 'Submitted batch job 31324399'.
[Fri Jan  4 12:22:21 2019]
Error in rule cellranger_count:
    jobid: 2
    output: results/cellranger_count/CA09_infected_A549/outs/filtered_feature_bc_matrix/barcodes.tsv.gz, results/cellranger_count/CA09_infected_A549/outs/filtered_feature_bc_matrix/features.tsv.gz, results/cellranger_count/CA09_infected_A549/outs/filtered_feature_bc_matrix/matrix.mtx.gz, results/cellranger_count/CA09_infected_A549/outs/analysis/gem_classification.csv, results/cellranger_count/CA09_infected_A549/outs/possorted_genome_bam.bam
    cluster_jobid: Submitted batch job 31324399

Shutting down, this might take some time.
Exiting because a job execution failed. Look above for error message
Complete log: /fh/fast/bloom_j/computational_notebooks/dbacsik/2018/pdmH1N1_flu_single_cell/.snakemake/log/2019-01-04T115908.298918.snakemake.log
